0 info it worked if it ends with ok
1 verbose cli [ '/usr/local/bin/node', '/usr/local/bin/npm', 'start' ]
2 info using npm@3.5.3
3 info using node@v5.1.1
4 verbose run-script [ 'prestart', 'start', 'poststart' ]
5 info lifecycle time-tracker-application@0.0.0~prestart: time-tracker-application@0.0.0
6 silly lifecycle time-tracker-application@0.0.0~prestart: no script for prestart, continuing
7 info lifecycle time-tracker-application@0.0.0~start: time-tracker-application@0.0.0
8 verbose lifecycle time-tracker-application@0.0.0~start: unsafe-perm in lifecycle true
9 verbose lifecycle time-tracker-application@0.0.0~start: PATH: /usr/local/lib/node_modules/npm/bin/node-gyp-bin:/Users/zahidnisar/Documents/My Stuff/AngularJS/TimeTracker/TimeApp/node_modules/.bin:/Users/zahidnisar/mongodb/bin:/usr/bin:/bin:/usr/sbin:/sbin:/usr/local/bin:/usr/local/git/bin:/Users/zahidnisar/android-sdk-macosx/tools:/Users/zahidnisar/android-sdk-macosx/platform-tools:/Users/zahidnisar/android-sdk-macosx/tools:/Users/zahidnisar/android-sdk-macosx/toolsexport
10 verbose lifecycle time-tracker-application@0.0.0~start: CWD: /Users/zahidnisar/Documents/My Stuff/AngularJS/TimeTracker/TimeApp
11 silly lifecycle time-tracker-application@0.0.0~start: Args: [ '-c', 'node ./bin/www' ]
12 silly lifecycle time-tracker-application@0.0.0~start: Returned: code: 1  signal: null
13 info lifecycle time-tracker-application@0.0.0~start: Failed to exec start script
14 verbose stack Error: time-tracker-application@0.0.0 start: `node ./bin/www`
14 verbose stack Exit status 1
14 verbose stack     at EventEmitter.<anonymous> (/usr/local/lib/node_modules/npm/lib/utils/lifecycle.js:232:16)
14 verbose stack     at emitTwo (events.js:87:13)
14 verbose stack     at EventEmitter.emit (events.js:172:7)
14 verbose stack     at ChildProcess.<anonymous> (/usr/local/lib/node_modules/npm/lib/utils/spawn.js:24:14)
14 verbose stack     at emitTwo (events.js:87:13)
14 verbose stack     at ChildProcess.emit (events.js:172:7)
14 verbose stack     at maybeClose (internal/child_process.js:818:16)
14 verbose stack     at Process.ChildProcess._handle.onexit (internal/child_process.js:211:5)
15 verbose pkgid time-tracker-application@0.0.0
16 verbose cwd /Users/zahidnisar/Documents/My Stuff/AngularJS/TimeTracker/TimeApp
17 error Darwin 13.3.0
18 error argv "/usr/local/bin/node" "/usr/local/bin/npm" "start"
19 error node v5.1.1
20 error npm  v3.5.3
21 error code ELIFECYCLE
22 error time-tracker-application@0.0.0 start: `node ./bin/www`
22 error Exit status 1
23 error Failed at the time-tracker-application@0.0.0 start script 'node ./bin/www'.
23 error Make sure you have the latest version of node.js and npm installed.
23 error If you do, this is most likely a problem with the time-tracker-application package,
23 error not with npm itself.
23 error Tell the author that this fails on your system:
23 error     node ./bin/www
23 error You can get information on how to open an issue for this project with:
23 error     npm bugs time-tracker-application
23 error Or if that isn't available, you can get their info via:
23 error     npm owner ls time-tracker-application
23 error There is likely additional logging output above.
24 verbose exit [ 1, true ]
